<?xml version="1.0" encoding="UTF-8"?><testsuite errors="1" failures="1" name="Validar que las tarifas cobrada a los clientes sea la correcta" skipped="0" tests="2" time="157.67" timestamp="2023-07-21 02:40:36"><testcase name="Tarifar correctamente el hotel mas barato en la agencia de viaje DX Hotels"><error message="Expected enabled element was not enabled" type="net.thucydides.core.webdriver.exceptions.ElementShouldBeEnabledException">Expected enabled element was not enabled</error><system-err>Expected enabled element was not enabled&#13;
co.com.blankfactor.certification.test.tasks.Comparar.performAs(Comparar.java:31)&#13;
co.com.blankfactor.certification.test.stepdefinitions.BuscarHotelStepDefinition.realiceUnaBusquedaDeLasTarifasDisponibles(BuscarHotelStepDefinition.java:35)&#13;
io.cucumber.java.Invoker.invoke(Invoker.java:27)&#13;
io.cucumber.java.JavaStepDefinition.execute(JavaStepDefinition.java:27)&#13;
io.cucumber.core.runner.PickleStepDefinitionMatch.runStep(PickleStepDefinitionMatch.java:63)&#13;
io.cucumber.core.runner.TestStep.executeStep(TestStep.java:64)&#13;
io.cucumber.core.runner.TestStep.run(TestStep.java:49)&#13;
io.cucumber.core.runner.PickleStepTestStep.run(PickleStepTestStep.java:46)&#13;
io.cucumber.core.runner.TestCase.run(TestCase.java:51)&#13;
io.cucumber.core.runner.Runner.runPickle(Runner.java:66)&#13;
io.cucumber.junit.FeatureRunner.runChild(FeatureRunner.java:83)&#13;
io.cucumber.junit.FeatureRunner.runChild(FeatureRunner.java:24)&#13;
io.cucumber.junit.CucumberSerenityRunner.runChild(CucumberSerenityRunner.java:227)&#13;
io.cucumber.junit.CucumberSerenityRunner.runChild(CucumberSerenityRunner.java:54)&#13;
</system-err></testcase></testsuite>