<?xml version="1.0" encoding="UTF-8"?><testsuite errors="1" failures="0" name="As a user I want search a post" skipped="0" tests="1" time="18.04" timestamp="2022-09-05 05:01:51"><testcase name="Search post in website"><error message="The of() method is not supported for By-type Targets" type="java.lang.UnsupportedOperationException">The of() method is not supported for By-type Targets</error><system-err>The of() method is not supported for By-type Targets&#13;
co.com.blankfactor.certification.test.tasks.SearchPost.performAs(SearchPost.java:28)&#13;
co.com.blankfactor.certification.test.stepdefinitions.SearchPostStepDefinition.theUserSearchesThePost(SearchPostStepDefinition.java:27)&#13;
io.cucumber.java.Invoker.invoke(Invoker.java:27)&#13;
io.cucumber.java.JavaStepDefinition.execute(JavaStepDefinition.java:27)&#13;
io.cucumber.core.runner.PickleStepDefinitionMatch.runStep(PickleStepDefinitionMatch.java:63)&#13;
io.cucumber.core.runner.TestStep.executeStep(TestStep.java:64)&#13;
io.cucumber.core.runner.TestStep.run(TestStep.java:49)&#13;
io.cucumber.core.runner.PickleStepTestStep.run(PickleStepTestStep.java:46)&#13;
io.cucumber.core.runner.TestCase.run(TestCase.java:51)&#13;
io.cucumber.core.runner.Runner.runPickle(Runner.java:66)&#13;
io.cucumber.junit.FeatureRunner.runChild(FeatureRunner.java:83)&#13;
io.cucumber.junit.FeatureRunner.runChild(FeatureRunner.java:24)&#13;
io.cucumber.junit.CucumberSerenityRunner.runChild(CucumberSerenityRunner.java:227)&#13;
io.cucumber.junit.CucumberSerenityRunner.runChild(CucumberSerenityRunner.java:54)&#13;
</system-err></testcase></testsuite>